2023-10-31T19:58:39.613-03:00  INFO 117123 --- [restartedMain] t.l.msclientes.MsclientesApplication     : Starting MsclientesApplication using Java 17.0.8.1 with PID 117123 (/home/leo/Documentos/developer/java-projects/microservices-cartoes/msclientes/target/classes started by leo in /home/leo/Documentos/developer/java-projects/microservices-cartoes/msclientes)
2023-10-31T19:58:39.622-03:00  INFO 117123 --- [restartedMain] t.l.msclientes.MsclientesApplication     : No active profile set, falling back to 1 default profile: "default"
2023-10-31T19:58:39.731-03:00  INFO 117123 --- [restartedMain] .e.DevToolsPropertyDefaultsPostProcessor : Devtools property defaults active! Set 'spring.devtools.add-properties' to 'false' to disable
2023-10-31T19:58:39.732-03:00  INFO 117123 --- [restartedMain] .e.DevToolsPropertyDefaultsPostProcessor : For additional web related logging consider setting the 'logging.level.web' property to 'DEBUG'
2023-10-31T19:58:41.415-03:00  INFO 117123 --- [restartedMain] .s.d.r.c.RepositoryConfigurationDelegate : Bootstrapping Spring Data JPA repositories in DEFAULT mode.
2023-10-31T19:58:41.632-03:00  INFO 117123 --- [restartedMain] .s.d.r.c.RepositoryConfigurationDelegate : Finished Spring Data repository scanning in 206 ms. Found 1 JPA repository interfaces.
2023-10-31T19:58:42.054-03:00  INFO 117123 --- [restartedMain] o.s.cloud.context.scope.GenericScope     : BeanFactory id=ba80c097-8348-32b4-923a-eb96c4c59428
2023-10-31T19:58:43.009-03:00  INFO 117123 --- [restartedMain] o.s.b.w.embedded.tomcat.TomcatWebServer  : Tomcat initialized with port(s): 0 (http)
2023-10-31T19:58:43.019-03:00  INFO 117123 --- [restartedMain] o.apache.catalina.core.StandardService   : Starting service [Tomcat]
2023-10-31T19:58:43.021-03:00  INFO 117123 --- [restartedMain] o.apache.catalina.core.StandardEngine    : Starting Servlet engine: [Apache Tomcat/10.1.15]
2023-10-31T19:58:43.109-03:00  INFO 117123 --- [restartedMain] o.a.c.c.C.[Tomcat].[localhost].[/]       : Initializing Spring embedded WebApplicationContext
2023-10-31T19:58:43.109-03:00  INFO 117123 --- [restartedMain] w.s.c.ServletWebServerApplicationContext : Root WebApplicationContext: initialization completed in 3377 ms
2023-10-31T19:58:43.285-03:00  INFO 117123 --- [restartedMain] com.zaxxer.hikari.HikariDataSource       : HikariPool-1 - Starting...
2023-10-31T19:58:43.569-03:00  INFO 117123 --- [restartedMain] com.zaxxer.hikari.pool.HikariPool        : HikariPool-1 - Added connection conn0: url=jdbc:h2:mem:f8a14620-ddb7-4e42-8e2e-59a237e1b1b9 user=SA
2023-10-31T19:58:43.571-03:00  INFO 117123 --- [restartedMain] com.zaxxer.hikari.HikariDataSource       : HikariPool-1 - Start completed.
2023-10-31T19:58:43.594-03:00  INFO 117123 --- [restartedMain] o.s.b.a.h2.H2ConsoleAutoConfiguration    : H2 console available at '/h2-console'. Database available at 'jdbc:h2:mem:f8a14620-ddb7-4e42-8e2e-59a237e1b1b9'
2023-10-31T19:58:43.908-03:00  INFO 117123 --- [restartedMain] o.hibernate.jpa.internal.util.LogHelper  : HHH000204: Processing PersistenceUnitInfo [name: default]
2023-10-31T19:58:43.961-03:00  INFO 117123 --- [restartedMain] org.hibernate.Version                    : HHH000412: Hibernate ORM core version 6.2.13.Final
2023-10-31T19:58:43.964-03:00  INFO 117123 --- [restartedMain] org.hibernate.cfg.Environment            : HHH000406: Using bytecode reflection optimizer
2023-10-31T19:58:44.293-03:00  INFO 117123 --- [restartedMain] o.s.o.j.p.SpringPersistenceUnitInfo      : No LoadTimeWeaver setup: ignoring JPA class transformer
2023-10-31T19:58:45.347-03:00  INFO 117123 --- [restartedMain] o.h.e.t.j.p.i.JtaPlatformInitiator       : HHH000489: No JTA platform available (set 'hibernate.transaction.jta.platform' to enable JTA platform integration)
2023-10-31T19:58:45.386-03:00  INFO 117123 --- [restartedMain] j.LocalContainerEntityManagerFactoryBean : Initialized JPA EntityManagerFactory for persistence unit 'default'
2023-10-31T19:58:45.864-03:00  WARN 117123 --- [restartedMain] JpaBaseConfiguration$JpaWebConfiguration : spring.jpa.open-in-view is enabled by default. Therefore, database queries may be performed during view rendering. Explicitly configure spring.jpa.open-in-view to disable this warning
2023-10-31T19:58:46.757-03:00  INFO 117123 --- [restartedMain] o.s.b.d.a.OptionalLiveReloadServer       : LiveReload server is running on port 35729
2023-10-31T19:58:46.823-03:00  INFO 117123 --- [restartedMain] DiscoveryClientOptionalArgsConfiguration : Eureka HTTP Client uses RestTemplate.
2023-10-31T19:58:46.886-03:00  WARN 117123 --- [restartedMain] iguration$LoadBalancerCaffeineWarnLogger : Spring Cloud LoadBalancer is currently working with the default cache. While this cache implementation is useful for development and tests, it's recommended to use Caffeine cache in production.You can switch to using Caffeine cache, by adding it and org.springframework.cache.caffeine.CaffeineCacheManager to the classpath.
2023-10-31T19:58:46.898-03:00  INFO 117123 --- [restartedMain] o.s.b.a.e.web.EndpointLinksResolver      : Exposing 17 endpoint(s) beneath base path '/actuator'
2023-10-31T19:58:47.060-03:00  INFO 117123 --- [restartedMain] o.s.b.w.embedded.tomcat.TomcatWebServer  : Tomcat started on port(s): 44561 (http) with context path ''
2023-10-31T19:58:47.078-03:00  INFO 117123 --- [restartedMain] .s.c.n.e.s.EurekaAutoServiceRegistration : Updating port to 44561
2023-10-31T19:58:47.089-03:00  INFO 117123 --- [restartedMain] o.s.c.n.eureka.InstanceInfoFactory       : Setting initial instance status as: STARTING
2023-10-31T19:58:47.182-03:00  INFO 117123 --- [restartedMain] com.netflix.discovery.DiscoveryClient    : Initializing Eureka in region us-east-1
2023-10-31T19:58:47.188-03:00  INFO 117123 --- [restartedMain] c.n.d.s.r.aws.ConfigClusterResolver      : Resolving eureka endpoints via configuration
2023-10-31T19:58:47.217-03:00  INFO 117123 --- [restartedMain] com.netflix.discovery.DiscoveryClient    : Disable delta property : false
2023-10-31T19:58:47.217-03:00  INFO 117123 --- [restartedMain] com.netflix.discovery.DiscoveryClient    : Single vip registry refresh property : null
2023-10-31T19:58:47.218-03:00  INFO 117123 --- [restartedMain] com.netflix.discovery.DiscoveryClient    : Force full registry fetch : false
2023-10-31T19:58:47.218-03:00  INFO 117123 --- [restartedMain] com.netflix.discovery.DiscoveryClient    : Application is null : false
2023-10-31T19:58:47.218-03:00  INFO 117123 --- [restartedMain] com.netflix.discovery.DiscoveryClient    : Registered Applications size is zero : true
2023-10-31T19:58:47.218-03:00  INFO 117123 --- [restartedMain] com.netflix.discovery.DiscoveryClient    : Application version is -1: true
2023-10-31T19:58:47.218-03:00  INFO 117123 --- [restartedMain] com.netflix.discovery.DiscoveryClient    : Getting all instance registry info from the eureka server
2023-10-31T19:58:47.824-03:00  INFO 117123 --- [restartedMain] com.netflix.discovery.DiscoveryClient    : The response status is 200
2023-10-31T19:58:47.836-03:00  INFO 117123 --- [restartedMain] com.netflix.discovery.DiscoveryClient    : Starting heartbeat executor: renew interval is: 30
2023-10-31T19:58:47.844-03:00  INFO 117123 --- [restartedMain] c.n.discovery.InstanceInfoReplicator     : InstanceInfoReplicator onDemand update allowed rate per min is 4
2023-10-31T19:58:47.858-03:00  INFO 117123 --- [restartedMain] com.netflix.discovery.DiscoveryClient    : Discovery Client initialized at timestamp 1698793127857 with initial instances count: 4
2023-10-31T19:58:47.862-03:00  INFO 117123 --- [restartedMain] o.s.c.n.e.s.EurekaServiceRegistry        : Registering application MSCLIENTES with eureka with status UP
2023-10-31T19:58:47.862-03:00  INFO 117123 --- [restartedMain] com.netflix.discovery.DiscoveryClient    : Saw local status change event StatusChangeEvent [timestamp=1698793127862, current=UP, previous=STARTING]
2023-10-31T19:58:47.873-03:00  INFO 117123 --- [DiscoveryClient-InstanceInfoReplicator-0] com.netflix.discovery.DiscoveryClient    : DiscoveryClient_MSCLIENTES/msclientes:43a6c8cc1f7a56b566f047d4538c3ed2: registering service...
2023-10-31T19:58:47.968-03:00  INFO 117123 --- [restartedMain] t.l.msclientes.MsclientesApplication     : Started MsclientesApplication in 9.368 seconds (process running for 10.173)
2023-10-31T19:58:48.056-03:00  INFO 117123 --- [DiscoveryClient-InstanceInfoReplicator-0] com.netflix.discovery.DiscoveryClient    : DiscoveryClient_MSCLIENTES/msclientes:43a6c8cc1f7a56b566f047d4538c3ed2 - registration status: 204
2023-10-31T19:59:00.925-03:00  INFO 117123 --- [http-nio-auto-1-exec-1] o.a.c.c.C.[Tomcat].[localhost].[/]       : Initializing Spring DispatcherServlet 'dispatcherServlet'
2023-10-31T19:59:00.926-03:00  INFO 117123 --- [http-nio-auto-1-exec-1] o.s.web.servlet.DispatcherServlet        : Initializing Servlet 'dispatcherServlet'
2023-10-31T19:59:00.929-03:00  INFO 117123 --- [http-nio-auto-1-exec-1] o.s.web.servlet.DispatcherServlet        : Completed initialization in 3 ms
2023-10-31T20:03:47.220-03:00  INFO 117123 --- [AsyncResolver-bootstrap-executor-0] c.n.d.s.r.aws.ConfigClusterResolver      : Resolving eureka endpoints via configuration
2023-10-31T20:08:21.934-03:00  INFO 117123 --- [SpringApplicationShutdownHook] o.s.c.n.e.s.EurekaServiceRegistry        : Unregistering application MSCLIENTES with eureka with status DOWN
2023-10-31T20:08:21.935-03:00  INFO 117123 --- [SpringApplicationShutdownHook] com.netflix.discovery.DiscoveryClient    : Saw local status change event StatusChangeEvent [timestamp=1698793701935, current=DOWN, previous=UP]
2023-10-31T20:08:21.935-03:00  INFO 117123 --- [DiscoveryClient-InstanceInfoReplicator-0] com.netflix.discovery.DiscoveryClient    : DiscoveryClient_MSCLIENTES/msclientes:43a6c8cc1f7a56b566f047d4538c3ed2: registering service...
2023-10-31T20:08:21.965-03:00  INFO 117123 --- [SpringApplicationShutdownHook] j.LocalContainerEntityManagerFactoryBean : Closing JPA EntityManagerFactory for persistence unit 'default'
2023-10-31T20:08:22.033-03:00  INFO 117123 --- [DiscoveryClient-InstanceInfoReplicator-0] com.netflix.discovery.DiscoveryClient    : DiscoveryClient_MSCLIENTES/msclientes:43a6c8cc1f7a56b566f047d4538c3ed2 - registration status: 204
2023-10-31T20:08:22.177-03:00  WARN 117123 --- [SpringApplicationShutdownHook] o.s.b.f.support.DisposableBeanAdapter    : Invocation of destroy method failed on bean with name 'inMemoryDatabaseShutdownExecutor': org.h2.jdbc.JdbcSQLNonTransientConnectionException: Database is already closed (to disable automatic closing at VM shutdown, add ";DB_CLOSE_ON_EXIT=FALSE" to the db URL) [90121-214]
2023-10-31T20:08:22.179-03:00  INFO 117123 --- [SpringApplicationShutdownHook] com.zaxxer.hikari.HikariDataSource       : HikariPool-1 - Shutdown initiated...
2023-10-31T20:08:22.181-03:00  INFO 117123 --- [SpringApplicationShutdownHook] com.zaxxer.hikari.HikariDataSource       : HikariPool-1 - Shutdown completed.
2023-10-31T20:08:22.181-03:00  INFO 117123 --- [SpringApplicationShutdownHook] com.netflix.discovery.DiscoveryClient    : Shutting down DiscoveryClient ...
2023-10-31T20:08:25.183-03:00  INFO 117123 --- [SpringApplicationShutdownHook] com.netflix.discovery.DiscoveryClient    : Unregistering ...
2023-10-31T20:08:25.262-03:00  INFO 117123 --- [SpringApplicationShutdownHook] com.netflix.discovery.DiscoveryClient    : DiscoveryClient_MSCLIENTES/msclientes:43a6c8cc1f7a56b566f047d4538c3ed2 - deregister  status: 200
2023-10-31T20:08:25.268-03:00  INFO 117123 --- [SpringApplicationShutdownHook] com.netflix.discovery.DiscoveryClient    : Completed shut down of DiscoveryClient
